\BOOKMARK [1][-]{section.1}{\376\377\000P\000r\000o\000b\000l\000e\000m\000\040\000S\000t\000a\000t\000e\000m\000e\000n\000t}{}% 1
\BOOKMARK [2][-]{subsection.1.1}{\376\377\000Q\000u\000a\000n\000t\000u\000m\000\040\000C\000o\000m\000p\000u\000t\000i\000n\000g\000\040\000T\000h\000r\000e\000a\000t}{section.1}% 2
\BOOKMARK [2][-]{subsection.1.2}{\376\377\000W\000h\000y\000\040\000G\000r\000e\000e\000n\000f\000i\000e\000l\000d\000?}{section.1}% 3
\BOOKMARK [2][-]{subsection.1.3}{\376\377\000W\000h\000a\000t\000\040\000Q\000u\000a\000n\000t\000u\000m\000H\000a\000r\000m\000o\000n\000y\000\040\000C\000h\000a\000n\000g\000e\000s}{section.1}% 4
\BOOKMARK [1][-]{section.2}{\376\377\000T\000e\000c\000h\000n\000i\000c\000a\000l\000\040\000I\000m\000p\000l\000e\000m\000e\000n\000t\000a\000t\000i\000o\000n}{}% 5
\BOOKMARK [2][-]{subsection.2.1}{\376\377\000S\000P\000H\000I\000N\000C\000S\000+\000\040\000S\000i\000g\000n\000a\000t\000u\000r\000e\000s}{section.2}% 6
\BOOKMARK [2][-]{subsection.2.2}{\376\377\000K\000e\000c\000c\000a\000k\000-\0002\0005\0006\000\040\000H\000a\000s\000h\000i\000n\000g}{section.2}% 7
\BOOKMARK [2][-]{subsection.2.3}{\376\377\000T\000r\000i\000p\000l\000e\000\040\000R\000a\000t\000c\000h\000e\000t\000\040\000E\000n\000c\000r\000y\000p\000t\000i\000o\000n}{section.2}% 8
\BOOKMARK [2][-]{subsection.2.4}{\376\377\0005\0001\0002\000-\000S\000e\000g\000m\000e\000n\000t\000\040\000T\000o\000r\000o\000i\000d\000a\000l\000\040\000M\000e\000s\000h}{section.2}% 9
\BOOKMARK [2][-]{subsection.2.5}{\376\377\000Q\000u\000a\000n\000t\000u\000m\000-\000S\000e\000c\000u\000r\000e\000d\000\040\000P\0002\000P\000\040\000N\000e\000t\000w\000o\000r\000k\000i\000n\000g}{section.2}% 10
\BOOKMARK [2][-]{subsection.2.6}{\376\377\000C\000o\000n\000s\000e\000n\000s\000u\000s\000\040\000a\000n\000d\000\040\000F\000i\000n\000a\000l\000i\000t\000y}{section.2}% 11
\BOOKMARK [2][-]{subsection.2.7}{\376\377\000C\000o\000h\000e\000r\000e\000n\000c\000e\000\040\000G\000a\000d\000g\000e\000t}{section.2}% 12
\BOOKMARK [2][-]{subsection.2.8}{\376\377\000P\000r\000o\000o\000f\000\040\000o\000f\000\040\000C\000o\000h\000e\000r\000e\000n\000c\000e\000\040\000\050\000P\000o\000C\000\051}{section.2}% 13
\BOOKMARK [2][-]{subsection.2.9}{\376\377\000M\000E\000V\000\040\000P\000r\000o\000t\000e\000c\000t\000i\000o\000n}{section.2}% 14
\BOOKMARK [1][-]{section.3}{\376\377\000U\000s\000e\000\040\000C\000a\000s\000e\000s}{}% 15
\BOOKMARK [2][-]{subsection.3.1}{\376\377\000Q\000C\000A\000D\000\040\000S\000t\000a\000b\000l\000e\000c\000o\000i\000n}{section.3}% 16
\BOOKMARK [2][-]{subsection.3.2}{\376\377\000F\000i\000d\000e\000i\000c\000o\000m\000m\000i\000s\000\040\000T\000r\000u\000s\000t\000s}{section.3}% 17
\BOOKMARK [2][-]{subsection.3.3}{\376\377\000P\000e\000d\000e\000r\000s\000e\000n\000\040\000C\000o\000m\000m\000i\000t\000m\000e\000n\000t\000s}{section.3}% 18
\BOOKMARK [1][-]{section.4}{\376\377\000G\000o\000v\000e\000r\000n\000a\000n\000c\000e\000\040\000S\000y\000s\000t\000e\000m}{}% 19
\BOOKMARK [2][-]{subsection.4.1}{\376\377\000A\000c\000a\000d\000e\000m\000i\000c\000\040\000V\000o\000u\000c\000h\000i\000n\000g}{section.4}% 20
\BOOKMARK [2][-]{subsection.4.2}{\376\377\000R\000i\000c\000a\000r\000d\000i\000a\000n\000\040\000C\000o\000n\000t\000r\000a\000c\000t\000s}{section.4}% 21
\BOOKMARK [2][-]{subsection.4.3}{\376\377\000N\000o\000t\000a\000r\000i\000a\000l\000\040\000S\000e\000r\000v\000i\000c\000e\000s}{section.4}% 22
\BOOKMARK [1][-]{section.5}{\376\377\000C\000u\000r\000r\000e\000n\000t\000\040\000S\000t\000a\000t\000e}{}% 23
\BOOKMARK [1][-]{section.6}{\376\377\000L\000i\000m\000i\000t\000a\000t\000i\000o\000n\000s}{}% 24
\BOOKMARK [1][-]{section.7}{\376\377\000C\000o\000m\000p\000a\000r\000i\000s\000o\000n}{}% 25
\BOOKMARK [1][-]{section.8}{\376\377\000W\000e\000b\000\040\000I\000n\000t\000e\000r\000f\000a\000c\000e}{}% 26
\BOOKMARK [1][-]{section.9}{\376\377\000R\000e\000s\000e\000a\000r\000c\000h\000\040\000P\000u\000b\000l\000i\000c\000a\000t\000i\000o\000n\000s}{}% 27
\BOOKMARK [1][-]{section.10}{\376\377\000R\000e\000f\000e\000r\000e\000n\000c\000e\000s}{}% 28
